<?xml version="1.0" encoding="UTF-8"?>
<!-- Generated by org.testng.reporters.JUnitReportReporter -->
<testsuite hostname="LAPTOP-0LGDN1L0" failures="0" tests="1" name="pagesTest.HomePageTest" time="8.101" errors="0" timestamp="2024-11-10T20:30:52 EST" skipped="0">
  <testcase classname="pagesTest.HomePageTest" name="clickLogoTest" time="8.101"/>
</testsuite> <!-- pagesTest.HomePageTest -->
